filRouge/app/build/intermediates/manifest_merge_blame_file/debug/manifest-merger-blame-debug-report.txt
1<?xml version="1.0" encoding="utf-8"?>
2<manifest xmlns:android="http://schemas.android.com/apk/res/android"
3    package="edu.filsrouge.VskinVault"
4    android:versionCode="1"
5    android:versionName="1.0" >
6
7    <uses-sdk
8        android:minSdkVersion="24"
9        android:targetSdkVersion="34" />
10
11    <uses-permission android:name="android.permission.INTERNET" />
11-->src\main\AndroidManifest.xml:5:5-67
11-->src\main\AndroidManifest.xml:5:22-64
12    <uses-permission android:name="android.permission.ACCESS_NETWORK_STATE" />
12-->src\main\AndroidManifest.xml:6:5-79
12-->src\main\AndroidManifest.xml:6:22-76
13    <uses-permission android:name="android.permission.POST_NOTIFICATIONS" />
13-->src\main\AndroidManifest.xml:7:5-77
13-->src\main\AndroidManifest.xml:7:22-74
14    <uses-permission android:name="android.permission.WAKE_LOCK" />
14-->[androidx.work:work-runtime:2.7.0] AndroidManifest.xml:25:5-68
14-->[androidx.work:work-runtime:2.7.0] AndroidManifest.xml:25:22-65
15    <uses-permission android:name="android.permission.RECEIVE_BOOT_COMPLETED" />
15-->[androidx.work:work-runtime:2.7.0] AndroidManifest.xml:27:5-81
15-->[androidx.work:work-runtime:2.7.0] AndroidManifest.xml:27:22-78
16    <uses-permission android:name="android.permission.FOREGROUND_SERVICE" />
16-->[androidx.work:work-runtime:2.7.0] AndroidManifest.xml:28:5-77
16-->[androidx.work:work-runtime:2.7.0] AndroidManifest.xml:28:22-74
17
18    <permission
18-->[androidx.core:core:1.9.0] AndroidManifest.xml:22:5-24:47
19        android:name="edu.filsrouge.VskinVault.DYNAMIC_RECEIVER_NOT_EXPORTED_PERMISSION"
19-->[androidx.core:core:1.9.0] AndroidManifest.xml:23:9-81
20        android:protectionLevel="signature" />
20-->[androidx.core:core:1.9.0] AndroidManifest.xml:24:9-44
21
22    <uses-permission android:name="edu.filsrouge.VskinVault.DYNAMIC_RECEIVER_NOT_EXPORTED_PERMISSION" />
22-->[androidx.core:core:1.9.0] AndroidManifest.xml:26:5-97
22-->[androidx.core:core:1.9.0] AndroidManifest.xml:26:22-94
23
24    <application
24-->src\main\AndroidManifest.xml:9:5-59:19
25        android:allowBackup="true"
25-->src\main\AndroidManifest.xml:10:9-35
26        android:appComponentFactory="androidx.core.app.CoreComponentFactory"
26-->[androidx.core:core:1.9.0] AndroidManifest.xml:28:18-86
27        android:dataExtractionRules="@xml/data_extraction_rules"
27-->src\main\AndroidManifest.xml:11:9-65
28        android:debuggable="true"
29        android:extractNativeLibs="false"
30        android:fullBackupContent="@xml/backup_rules"
30-->src\main\AndroidManifest.xml:12:9-54
31        android:icon="@drawable/vskinvault"
31-->src\main\AndroidManifest.xml:13:9-44
32        android:label="@string/app_name"
32-->src\main\AndroidManifest.xml:14:9-41
33        android:roundIcon="@mipmap/ic_launcher_round"
33-->src\main\AndroidManifest.xml:15:9-54
34        android:supportsRtl="true"
34-->src\main\AndroidManifest.xml:16:9-35
35        android:testOnly="true"
36        android:theme="@style/Theme.VskinVault" >
36-->src\main\AndroidManifest.xml:17:9-48
37        <service
37-->src\main\AndroidManifest.xml:19:9-22:72
38            android:name="edu.filsrouge.VskinVault.NotificationWorker"
38-->src\main\AndroidManifest.xml:20:13-47
39            android:exported="true"
39-->src\main\AndroidManifest.xml:21:13-36
40            android:permission="android.permission.BIND_JOB_SERVICE" />
40-->src\main\AndroidManifest.xml:22:13-69
41
42        <activity
42-->src\main\AndroidManifest.xml:24:9-26:40
43            android:name="edu.filsrouge.VskinVault.Panier"
43-->src\main\AndroidManifest.xml:25:13-35
44            android:exported="false" />
44-->src\main\AndroidManifest.xml:26:13-37
45        <activity
45-->src\main\AndroidManifest.xml:27:9-35:20
46            android:name="edu.filsrouge.VskinVault.animationStart"
46-->src\main\AndroidManifest.xml:28:13-43
47            android:exported="false" >
47-->src\main\AndroidManifest.xml:29:13-37
48
49            <!-- <intent-filter> -->
50            <!-- <action android:name="android.intent.action.MAIN" /> -->
51
52
53            <!-- <category android:name="android.intent.category.LAUNCHER" /> -->
54            <!-- </intent-filter> -->
55        </activity>
56        <activity
56-->src\main\AndroidManifest.xml:36:9-38:40
57            android:name="edu.filsrouge.VskinVault.ResultsActivity"
57-->src\main\AndroidManifest.xml:37:13-44
58            android:exported="false" />
58-->src\main\AndroidManifest.xml:38:13-37
59        <activity
59-->src\main\AndroidManifest.xml:39:9-41:40
60            android:name="edu.filsrouge.VskinVault.InscriptionActivity"
60-->src\main\AndroidManifest.xml:40:13-48
61            android:exported="false" />
61-->src\main\AndroidManifest.xml:41:13-37
62        <activity
62-->src\main\AndroidManifest.xml:42:9-44:40
63            android:name="edu.filsrouge.VskinVault.LoginActivity"
63-->src\main\AndroidManifest.xml:43:13-42
64            android:exported="false" />
64-->src\main\AndroidManifest.xml:44:13-37
65        <activity
65-->src\main\AndroidManifest.xml:45:9-53:20
66            android:name="edu.filsrouge.VskinVault.MainActivity"
66-->src\main\AndroidManifest.xml:46:13-41
67            android:exported="true" >
67-->src\main\AndroidManifest.xml:47:13-36
68            <intent-filter>
68-->src\main\AndroidManifest.xml:48:13-52:29
69                <action android:name="android.intent.action.MAIN" />
69-->src\main\AndroidManifest.xml:49:17-69
69-->src\main\AndroidManifest.xml:49:25-66
70
71                <category android:name="android.intent.category.LAUNCHER" />
71-->src\main\AndroidManifest.xml:51:17-77
71-->src\main\AndroidManifest.xml:51:27-74
72            </intent-filter>
73        </activity>
74        <activity android:name="edu.filsrouge.VskinVault.CommandActivity" />
74-->src\main\AndroidManifest.xml:54:9-53
74-->src\main\AndroidManifest.xml:54:19-50
75
76        <meta-data
76-->src\main\AndroidManifest.xml:56:9-58:57
77            android:name="preloaded_fonts"
77-->src\main\AndroidManifest.xml:57:13-43
78            android:resource="@array/preloaded_fonts" />
78-->src\main\AndroidManifest.xml:58:13-54
79
80        <provider
80-->[com.squareup.picasso:picasso:2.71828] AndroidManifest.xml:8:9-11:40
81            android:name="com.squareup.picasso.PicassoProvider"
81-->[com.squareup.picasso:picasso:2.71828] AndroidManifest.xml:9:13-64
82            android:authorities="edu.filsrouge.VskinVault.com.squareup.picasso"
82-->[com.squareup.picasso:picasso:2.71828] AndroidManifest.xml:10:13-72
83            android:exported="false" />
83-->[com.squareup.picasso:picasso:2.71828] AndroidManifest.xml:11:13-37
84        <provider
84-->[androidx.work:work-runtime:2.7.0] AndroidManifest.xml:31:9-39:20
85            android:name="androidx.startup.InitializationProvider"
85-->[androidx.work:work-runtime:2.7.0] AndroidManifest.xml:32:13-67
86            android:authorities="edu.filsrouge.VskinVault.androidx-startup"
86-->[androidx.work:work-runtime:2.7.0] AndroidManifest.xml:33:13-68
87            android:exported="false" >
87-->[androidx.work:work-runtime:2.7.0] AndroidManifest.xml:34:13-37
88            <meta-data
88-->[androidx.work:work-runtime:2.7.0] AndroidManifest.xml:36:13-38:52
89                android:name="androidx.work.WorkManagerInitializer"
89-->[androidx.work:work-runtime:2.7.0] AndroidManifest.xml:37:17-68
90                android:value="androidx.startup" />
90-->[androidx.work:work-runtime:2.7.0] AndroidManifest.xml:38:17-49
91            <meta-data
91-->[androidx.emoji2:emoji2:1.2.0] AndroidManifest.xml:29:13-31:52
92                android:name="androidx.emoji2.text.EmojiCompatInitializer"
92-->[androidx.emoji2:emoji2:1.2.0] AndroidManifest.xml:30:17-75
93                android:value="androidx.startup" />
93-->[androidx.emoji2:emoji2:1.2.0] AndroidManifest.xml:31:17-49
94            <meta-data
94-->[androidx.lifecycle:lifecycle-process:2.6.1] AndroidManifest.xml:29:13-31:52
95                android:name="androidx.lifecycle.ProcessLifecycleInitializer"
95-->[androidx.lifecycle:lifecycle-process:2.6.1] AndroidManifest.xml:30:17-78
96                android:value="androidx.startup" />
96-->[androidx.lifecycle:lifecycle-process:2.6.1] AndroidManifest.xml:31:17-49
97            <meta-data
97-->[androidx.profileinstaller:profileinstaller:1.3.0] AndroidManifest.xml:29:13-31:52
98                android:name="androidx.profileinstaller.ProfileInstallerInitializer"
98-->[androidx.profileinstaller:profileinstaller:1.3.0] AndroidManifest.xml:30:17-85
99                android:value="androidx.startup" />
99-->[androidx.profileinstaller:profileinstaller:1.3.0] AndroidManifest.xml:31:17-49
100        </provider>
101
102        <service
102-->[androidx.work:work-runtime:2.7.0] AndroidManifest.xml:41:9-46:35
103            android:name="androidx.work.impl.background.systemalarm.SystemAlarmService"
103-->[androidx.work:work-runtime:2.7.0] AndroidManifest.xml:42:13-88
104            android:directBootAware="false"
104-->[androidx.work:work-runtime:2.7.0] AndroidManifest.xml:43:13-44
105            android:enabled="@bool/enable_system_alarm_service_default"
105-->[androidx.work:work-runtime:2.7.0] AndroidManifest.xml:44:13-72
106            android:exported="false" />
106-->[androidx.work:work-runtime:2.7.0] AndroidManifest.xml:45:13-37
107        <service
107-->[androidx.work:work-runtime:2.7.0] AndroidManifest.xml:47:9-53:35
108            android:name="androidx.work.impl.background.systemjob.SystemJobService"
108-->[androidx.work:work-runtime:2.7.0] AndroidManifest.xml:48:13-84
109            android:directBootAware="false"
109-->[androidx.work:work-runtime:2.7.0] AndroidManifest.xml:49:13-44
110            android:enabled="@bool/enable_system_job_service_default"
110-->[androidx.work:work-runtime:2.7.0] AndroidManifest.xml:50:13-70
111            android:exported="true"
111-->[androidx.work:work-runtime:2.7.0] AndroidManifest.xml:51:13-36
112            android:permission="android.permission.BIND_JOB_SERVICE" />
112-->[androidx.work:work-runtime:2.7.0] AndroidManifest.xml:52:13-69
113        <service
113-->[androidx.work:work-runtime:2.7.0] AndroidManifest.xml:54:9-59:35
114            android:name="androidx.work.impl.foreground.SystemForegroundService"
114-->[androidx.work:work-runtime:2.7.0] AndroidManifest.xml:55:13-81
115            android:directBootAware="false"
115-->[androidx.work:work-runtime:2.7.0] AndroidManifest.xml:56:13-44
116            android:enabled="@bool/enable_system_foreground_service_default"
116-->[androidx.work:work-runtime:2.7.0] AndroidManifest.xml:57:13-77
117            android:exported="false" />
117-->[androidx.work:work-runtime:2.7.0] AndroidManifest.xml:58:13-37
118
119        <receiver
119-->[androidx.work:work-runtime:2.7.0] AndroidManifest.xml:61:9-66:35
120            android:name="androidx.work.impl.utils.ForceStopRunnable$BroadcastReceiver"
120-->[androidx.work:work-runtime:2.7.0] AndroidManifest.xml:62:13-88
121            android:directBootAware="false"
121-->[androidx.work:work-runtime:2.7.0] AndroidManifest.xml:63:13-44
122            android:enabled="true"
122-->[androidx.work:work-runtime:2.7.0] AndroidManifest.xml:64:13-35
123            android:exported="false" />
123-->[androidx.work:work-runtime:2.7.0] AndroidManifest.xml:65:13-37
124        <receiver
124-->[androidx.work:work-runtime:2.7.0] AndroidManifest.xml:67:9-77:20
125            android:name="androidx.work.impl.background.systemalarm.ConstraintProxy$BatteryChargingProxy"
125-->[androidx.work:work-runtime:2.7.0] AndroidManifest.xml:68:13-106
126            android:directBootAware="false"
126-->[androidx.work:work-runtime:2.7.0] AndroidManifest.xml:69:13-44
127            android:enabled="false"
127-->[androidx.work:work-runtime:2.7.0] AndroidManifest.xml:70:13-36
128            android:exported="false" >
128-->[androidx.work:work-runtime:2.7.0] AndroidManifest.xml:71:13-37
129            <intent-filter>
129-->[androidx.work:work-runtime:2.7.0] AndroidManifest.xml:73:13-76:29
130                <action android:name="android.intent.action.ACTION_POWER_CONNECTED" />
130-->[androidx.work:work-runtime:2.7.0] AndroidManifest.xml:74:17-87
130-->[androidx.work:work-runtime:2.7.0] AndroidManifest.xml:74:25-84
131                <action android:name="android.intent.action.ACTION_POWER_DISCONNECTED" />
131-->[androidx.work:work-runtime:2.7.0] AndroidManifest.xml:75:17-90
131-->[androidx.work:work-runtime:2.7.0] AndroidManifest.xml:75:25-87
132            </intent-filter>
133        </receiver>
134        <receiver
134-->[androidx.work:work-runtime:2.7.0] AndroidManifest.xml:78:9-88:20
135            android:name="androidx.work.impl.background.systemalarm.ConstraintProxy$BatteryNotLowProxy"
135-->[androidx.work:work-runtime:2.7.0] AndroidManifest.xml:79:13-104
136            android:directBootAware="false"
136-->[androidx.work:work-runtime:2.7.0] AndroidManifest.xml:80:13-44
137            android:enabled="false"
137-->[androidx.work:work-runtime:2.7.0] AndroidManifest.xml:81:13-36
138            android:exported="false" >
138-->[androidx.work:work-runtime:2.7.0] AndroidManifest.xml:82:13-37
139            <intent-filter>
139-->[androidx.work:work-runtime:2.7.0] AndroidManifest.xml:84:13-87:29
140                <action android:name="android.intent.action.BATTERY_OKAY" />
140-->[androidx.work:work-runtime:2.7.0] AndroidManifest.xml:85:17-77
140-->[androidx.work:work-runtime:2.7.0] AndroidManifest.xml:85:25-74
141                <action android:name="android.intent.action.BATTERY_LOW" />
141-->[androidx.work:work-runtime:2.7.0] AndroidManifest.xml:86:17-76
141-->[androidx.work:work-runtime:2.7.0] AndroidManifest.xml:86:25-73
142            </intent-filter>
143        </receiver>
144        <receiver
144-->[androidx.work:work-runtime:2.7.0] AndroidManifest.xml:89:9-99:20
145            android:name="androidx.work.impl.background.systemalarm.ConstraintProxy$StorageNotLowProxy"
145-->[androidx.work:work-runtime:2.7.0] AndroidManifest.xml:90:13-104
146            android:directBootAware="false"
146-->[androidx.work:work-runtime:2.7.0] AndroidManifest.xml:91:13-44
147            android:enabled="false"
147-->[androidx.work:work-runtime:2.7.0] AndroidManifest.xml:92:13-36
148            android:exported="false" >
148-->[androidx.work:work-runtime:2.7.0] AndroidManifest.xml:93:13-37
149            <intent-filter>
149-->[androidx.work:work-runtime:2.7.0] AndroidManifest.xml:95:13-98:29
150                <action android:name="android.intent.action.DEVICE_STORAGE_LOW" />
150-->[androidx.work:work-runtime:2.7.0] AndroidManifest.xml:96:17-83
150-->[androidx.work:work-runtime:2.7.0] AndroidManifest.xml:96:25-80
151                <action android:name="android.intent.action.DEVICE_STORAGE_OK" />
151-->[androidx.work:work-runtime:2.7.0] AndroidManifest.xml:97:17-82
151-->[androidx.work:work-runtime:2.7.0] AndroidManifest.xml:97:25-79
152            </intent-filter>
153        </receiver>
154        <receiver
154-->[androidx.work:work-runtime:2.7.0] AndroidManifest.xml:100:9-109:20
155            android:name="androidx.work.impl.background.systemalarm.ConstraintProxy$NetworkStateProxy"
155-->[androidx.work:work-runtime:2.7.0] AndroidManifest.xml:101:13-103
156            android:directBootAware="false"
156-->[androidx.work:work-runtime:2.7.0] AndroidManifest.xml:102:13-44
157            android:enabled="false"
157-->[androidx.work:work-runtime:2.7.0] AndroidManifest.xml:103:13-36
158            android:exported="false" >
158-->[androidx.work:work-runtime:2.7.0] AndroidManifest.xml:104:13-37
159            <intent-filter>
159-->[androidx.work:work-runtime:2.7.0] AndroidManifest.xml:106:13-108:29
160                <action android:name="android.net.conn.CONNECTIVITY_CHANGE" />
160-->[androidx.work:work-runtime:2.7.0] AndroidManifest.xml:107:17-79
160-->[androidx.work:work-runtime:2.7.0] AndroidManifest.xml:107:25-76
161            </intent-filter>
162        </receiver>
163        <receiver
163-->[androidx.work:work-runtime:2.7.0] AndroidManifest.xml:110:9-121:20
164            android:name="androidx.work.impl.background.systemalarm.RescheduleReceiver"
164-->[androidx.work:work-runtime:2.7.0] AndroidManifest.xml:111:13-88
165            android:directBootAware="false"
165-->[androidx.work:work-runtime:2.7.0] AndroidManifest.xml:112:13-44
166            android:enabled="false"
166-->[androidx.work:work-runtime:2.7.0] AndroidManifest.xml:113:13-36
167            android:exported="false" >
167-->[androidx.work:work-runtime:2.7.0] AndroidManifest.xml:114:13-37
168            <intent-filter>
168-->[androidx.work:work-runtime:2.7.0] AndroidManifest.xml:116:13-120:29
169                <action android:name="android.intent.action.BOOT_COMPLETED" />
169-->[androidx.work:work-runtime:2.7.0] AndroidManifest.xml:117:17-79
169-->[androidx.work:work-runtime:2.7.0] AndroidManifest.xml:117:25-76
170                <action android:name="android.intent.action.TIME_SET" />
170-->[androidx.work:work-runtime:2.7.0] AndroidManifest.xml:118:17-73
170-->[androidx.work:work-runtime:2.7.0] AndroidManifest.xml:118:25-70
171                <action android:name="android.intent.action.TIMEZONE_CHANGED" />
171-->[androidx.work:work-runtime:2.7.0] AndroidManifest.xml:119:17-81
171-->[androidx.work:work-runtime:2.7.0] AndroidManifest.xml:119:25-78
172            </intent-filter>
173        </receiver>
174        <receiver
174-->[androidx.work:work-runtime:2.7.0] AndroidManifest.xml:122:9-131:20
175            android:name="androidx.work.impl.background.systemalarm.ConstraintProxyUpdateReceiver"
175-->[androidx.work:work-runtime:2.7.0] AndroidManifest.xml:123:13-99
176            android:directBootAware="false"
176-->[androidx.work:work-runtime:2.7.0] AndroidManifest.xml:124:13-44
177            android:enabled="@bool/enable_system_alarm_service_default"
177-->[androidx.work:work-runtime:2.7.0] AndroidManifest.xml:125:13-72
178            android:exported="false" >
178-->[androidx.work:work-runtime:2.7.0] AndroidManifest.xml:126:13-37
179            <intent-filter>
179-->[androidx.work:work-runtime:2.7.0] AndroidManifest.xml:128:13-130:29
180                <action android:name="androidx.work.impl.background.systemalarm.UpdateProxies" />
180-->[androidx.work:work-runtime:2.7.0] AndroidManifest.xml:129:17-98
180-->[androidx.work:work-runtime:2.7.0] AndroidManifest.xml:129:25-95
181            </intent-filter>
182        </receiver>
183        <receiver
183-->[androidx.work:work-runtime:2.7.0] AndroidManifest.xml:132:9-142:20
184            android:name="androidx.work.impl.diagnostics.DiagnosticsReceiver"
184-->[androidx.work:work-runtime:2.7.0] AndroidManifest.xml:133:13-78
185            android:directBootAware="false"
185-->[androidx.work:work-runtime:2.7.0] AndroidManifest.xml:134:13-44
186            android:enabled="true"
186-->[androidx.work:work-runtime:2.7.0] AndroidManifest.xml:135:13-35
187            android:exported="true"
187-->[androidx.work:work-runtime:2.7.0] AndroidManifest.xml:136:13-36
188            android:permission="android.permission.DUMP" >
188-->[androidx.work:work-runtime:2.7.0] AndroidManifest.xml:137:13-57
189            <intent-filter>
189-->[androidx.work:work-runtime:2.7.0] AndroidManifest.xml:139:13-141:29
190                <action android:name="androidx.work.diagnostics.REQUEST_DIAGNOSTICS" />
190-->[androidx.work:work-runtime:2.7.0] AndroidManifest.xml:140:17-88
190-->[androidx.work:work-runtime:2.7.0] AndroidManifest.xml:140:25-85
191            </intent-filter>
192        </receiver>
193        <receiver
193-->[androidx.profileinstaller:profileinstaller:1.3.0] AndroidManifest.xml:34:9-52:20
194            android:name="androidx.profileinstaller.ProfileInstallReceiver"
194-->[androidx.profileinstaller:profileinstaller:1.3.0] AndroidManifest.xml:35:13-76
195            android:directBootAware="false"
195-->[androidx.profileinstaller:profileinstaller:1.3.0] AndroidManifest.xml:36:13-44
196            android:enabled="true"
196-->[androidx.profileinstaller:profileinstaller:1.3.0] AndroidManifest.xml:37:13-35
197            android:exported="true"
197-->[androidx.profileinstaller:profileinstaller:1.3.0] AndroidManifest.xml:38:13-36
198            android:permission="android.permission.DUMP" >
198-->[androidx.profileinstaller:profileinstaller:1.3.0] AndroidManifest.xml:39:13-57
199            <intent-filter>
199-->[androidx.profileinstaller:profileinstaller:1.3.0] AndroidManifest.xml:40:13-42:29
200                <action android:name="androidx.profileinstaller.action.INSTALL_PROFILE" />
200-->[androidx.profileinstaller:profileinstaller:1.3.0] AndroidManifest.xml:41:17-91
200-->[androidx.profileinstaller:profileinstaller:1.3.0] AndroidManifest.xml:41:25-88
201            </intent-filter>
202            <intent-filter>
202-->[androidx.profileinstaller:profileinstaller:1.3.0] AndroidManifest.xml:43:13-45:29
203                <action android:name="androidx.profileinstaller.action.SKIP_FILE" />
203-->[androidx.profileinstaller:profileinstaller:1.3.0] AndroidManifest.xml:44:17-85
203-->[androidx.profileinstaller:profileinstaller:1.3.0] AndroidManifest.xml:44:25-82
204            </intent-filter>
205            <intent-filter>
205-->[androidx.profileinstaller:profileinstaller:1.3.0] AndroidManifest.xml:46:13-48:29
206                <action android:name="androidx.profileinstaller.action.SAVE_PROFILE" />
206-->[androidx.profileinstaller:profileinstaller:1.3.0] AndroidManifest.xml:47:17-88
206-->[androidx.profileinstaller:profileinstaller:1.3.0] AndroidManifest.xml:47:25-85
207            </intent-filter>
208            <intent-filter>
208-->[androidx.profileinstaller:profileinstaller:1.3.0] AndroidManifest.xml:49:13-51:29
209                <action android:name="androidx.profileinstaller.action.BENCHMARK_OPERATION" />
209-->[androidx.profileinstaller:profileinstaller:1.3.0] AndroidManifest.xml:50:17-95
209-->[androidx.profileinstaller:profileinstaller:1.3.0] AndroidManifest.xml:50:25-92
210            </intent-filter>
211        </receiver>
212
213        <service
213-->[androidx.room:room-runtime:2.2.5] AndroidManifest.xml:25:9-28:40
214            android:name="androidx.room.MultiInstanceInvalidationService"
214-->[androidx.room:room-runtime:2.2.5] AndroidManifest.xml:26:13-74
215            android:directBootAware="true"
215-->[androidx.room:room-runtime:2.2.5] AndroidManifest.xml:27:13-43
216            android:exported="false" />
216-->[androidx.room:room-runtime:2.2.5] AndroidManifest.xml:28:13-37
217    </application>
218
219</manifest>